# JRE version: OpenJDK Runtime Environment (11.0.11+9) (build 11.0.11+9-b60-7590822)
# Java VM: OpenJDK 64-Bit Server VM (11.0.11+9-b60-7590822, mixed mode, tiered, compressed oops, g1 gc, windows-amd64)
Heap:
 garbage-first heap   total 584704K, used 192972K [0x0000000080000000, 0x0000000100000000)
  region size 1024K, 7 young (7168K), 7 survivors (7168K)
 Metaspace       used 99503K, capacity 102239K, committed 102896K, reserved 1138688K
  class space    used 13109K, capacity 14178K, committed 14488K, reserved 1048576K
GC Heap History (20 events):
Event: 13.746 GC heap after
{Heap after GC invocations=20 (full 0):
 garbage-first heap   total 312320K, used 157933K [0x0000000080000000, 0x0000000100000000)
  region size 1024K, 11 young (11264K), 11 survivors (11264K)
 Metaspace       used 96649K, capacity 99323K, committed 100208K, reserved 1134592K
  class space    used 12865K, capacity 13949K, committed 14360K, reserved 1048576K
}
Event: 13.977 GC heap before
{Heap before GC invocations=20 (full 0):
 garbage-first heap   total 312320K, used 238829K [0x0000000080000000, 0x0000000100000000)
  region size 1024K, 90 young (92160K), 11 survivors (11264K)
 Metaspace       used 97126K, capacity 99798K, committed 100720K, reserved 1136640K
  class space    used 12919K, capacity 14019K, committed 14360K, reserved 1048576K
}
Event: 13.993 GC heap after
{Heap after GC invocations=21 (full 0):
 garbage-first heap   total 312320K, used 161543K [0x0000000080000000, 0x0000000100000000)
  region size 1024K, 4 young (4096K), 4 survivors (4096K)
 Metaspace       used 97126K, capacity 99798K, committed 100720K, reserved 1136640K
  class space    used 12919K, capacity 14019K, committed 14360K, reserved 1048576K
}
Event: 14.251 GC heap before
{Heap before GC invocations=21 (full 0):
 garbage-first heap   total 312320K, used 243463K [0x0000000080000000, 0x0000000100000000)
  region size 1024K, 84 young (86016K), 4 survivors (4096K)
 Metaspace       used 97210K, capacity 99891K, committed 100720K, reserved 1136640K
  class space    used 12937K, capacity 14029K, committed 14360K, reserved 1048576K
}
Event: 14.259 GC heap after
{Heap after GC invocations=22 (full 0):
 garbage-first heap   total 312320K, used 162972K [0x0000000080000000, 0x0000000100000000)
  region size 1024K, 6 young (6144K), 6 survivors (6144K)
 Metaspace       used 97210K, capacity 99891K, committed 100720K, reserved 1136640K
  class space    used 12937K, capacity 14029K, committed 14360K, reserved 1048576K
}
Event: 14.575 GC heap before
{Heap before GC invocations=23 (full 0):
 garbage-first heap   total 312320K, used 246940K [0x0000000080000000, 0x0000000100000000)
  region size 1024K, 88 young (90112K), 6 survivors (6144K)
 Metaspace       used 98036K, capacity 100588K, committed 101872K, reserved 1136640K
  class space    used 12929K, capacity 13951K, committed 14488K, reserved 1048576K
}
Event: 14.587 GC heap after
{Heap after GC invocations=24 (full 0):
 garbage-first heap   total 312320K, used 166311K [0x0000000080000000, 0x0000000100000000)
  region size 1024K, 9 young (9216K), 9 survivors (9216K)
 Metaspace       used 98036K, capacity 100588K, committed 101872K, reserved 1136640K
  class space    used 12929K, capacity 13951K, committed 14488K, reserved 1048576K
}
Event: 14.823 GC heap before
{Heap before GC invocations=24 (full 0):
 garbage-first heap   total 312320K, used 250279K [0x0000000080000000, 0x0000000100000000)
  region size 1024K, 92 young (94208K), 9 survivors (9216K)
 Metaspace       used 98546K, capacity 101116K, committed 102128K, reserved 1136640K
  class space    used 13027K, capacity 14064K, committed 14488K, reserved 1048576K
}
Event: 14.844 GC heap after
{Heap after GC invocations=25 (full 0):
 garbage-first heap   total 312320K, used 171343K [0x0000000080000000, 0x0000000100000000)
  region size 1024K, 11 young (11264K), 11 survivors (11264K)
 Metaspace       used 98546K, capacity 101116K, committed 102128K, reserved 1136640K
  class space    used 13027K, capacity 14064K, committed 14488K, reserved 1048576K
}
Event: 15.095 GC heap before
{Heap before GC invocations=25 (full 0):
 garbage-first heap   total 312320K, used 255311K [0x0000000080000000, 0x0000000100000000)
  region size 1024K, 93 young (95232K), 11 survivors (11264K)
 Metaspace       used 98674K, capacity 101314K, committed 102384K, reserved 1136640K
  class space    used 13030K, capacity 14066K, committed 14488K, reserved 1048576K
}
Event: 15.110 GC heap after
{Heap after GC invocations=26 (full 0):
 garbage-first heap   total 312320K, used 173535K [0x0000000080000000, 0x0000000100000000)
  region size 1024K, 9 young (9216K), 9 survivors (9216K)
 Metaspace       used 98674K, capacity 101314K, committed 102384K, reserved 1136640K
  class space    used 13030K, capacity 14066K, committed 14488K, reserved 1048576K
}
Event: 15.417 GC heap before
{Heap before GC invocations=27 (full 0):
 garbage-first heap   total 312320K, used 257503K [0x0000000080000000, 0x0000000100000000)
  region size 1024K, 91 young (93184K), 9 survivors (9216K)
 Metaspace       used 98820K, capacity 101406K, committed 102384K, reserved 1136640K
  class space    used 13025K, capacity 14051K, committed 14488K, reserved 1048576K
}
Event: 15.430 GC heap after
{Heap after GC invocations=28 (full 0):
 garbage-first heap   total 376832K, used 175193K [0x0000000080000000, 0x0000000100000000)
  region size 1024K, 7 young (7168K), 7 survivors (7168K)
 Metaspace       used 98820K, capacity 101406K, committed 102384K, reserved 1136640K
  class space    used 13025K, capacity 14051K, committed 14488K, reserved 1048576K
}
Event: 15.686 GC heap before
{Heap before GC invocations=28 (full 0):
 garbage-first heap   total 376832K, used 290905K [0x0000000080000000, 0x0000000100000000)
  region size 1024K, 120 young (122880K), 7 survivors (7168K)
 Metaspace       used 98957K, capacity 101555K, committed 102640K, reserved 1138688K
  class space    used 13032K, capacity 14057K, committed 14488K, reserved 1048576K
}
Event: 15.697 GC heap after
{Heap after GC invocations=29 (full 0):
 garbage-first heap   total 376832K, used 180110K [0x0000000080000000, 0x0000000100000000)
  region size 1024K, 12 young (12288K), 12 survivors (12288K)
 Metaspace       used 98957K, capacity 101555K, committed 102640K, reserved 1138688K
  class space    used 13032K, capacity 14057K, committed 14488K, reserved 1048576K
}
Event: 15.882 GC heap before
{Heap before GC invocations=29 (full 0):
 garbage-first heap   total 376832K, used 295822K [0x0000000080000000, 0x0000000100000000)
  region size 1024K, 126 young (129024K), 12 survivors (12288K)
 Metaspace       used 99151K, capacity 101758K, committed 102640K, reserved 1138688K
  class space    used 13032K, capacity 14057K, committed 14488K, reserved 1048576K
}
Event: 15.897 GC heap after
{Heap after GC invocations=30 (full 0):
 garbage-first heap   total 376832K, used 187335K [0x0000000080000000, 0x0000000100000000)
  region size 1024K, 16 young (16384K), 16 survivors (16384K)
 Metaspace       used 99151K, capacity 101758K, committed 102640K, reserved 1138688K
  class space    used 13032K, capacity 14057K, committed 14488K, reserved 1048576K
}
Event: 16.054 GC heap before
{Heap before GC invocations=30 (full 0):
 garbage-first heap   total 376832K, used 300999K [0x0000000080000000, 0x0000000100000000)
  region size 1024K, 127 young (130048K), 16 survivors (16384K)
 Metaspace       used 99318K, capacity 101950K, committed 102896K, reserved 1138688K
  class space    used 13063K, capacity 14100K, committed 14488K, reserved 1048576K
}
Event: 16.097 GC heap after
{Heap after GC invocations=31 (full 0):
 garbage-first heap   total 376832K, used 192378K [0x0000000080000000, 0x0000000100000000)
  region size 1024K, 7 young (7168K), 7 survivors (7168K)
 Metaspace       used 99318K, capacity 101950K, committed 102896K, reserved 1138688K
  class space    used 13063K, capacity 14100K, committed 14488K, reserved 1048576K
}
Event: 16.344 GC heap before
{Heap before GC invocations=31 (full 0):
 garbage-first heap   total 376832K, used 305018K [0x0000000080000000, 0x0000000100000000)
  region size 1024K, 118 young (120832K), 7 survivors (7168K)
 Metaspace       used 99503K, capacity 102239K, committed 102896K, reserved 1138688K
  class space    used 13109K, capacity 14178K, committed 14488K, reserved 1048576K
}

