# JRE version: OpenJDK Runtime Environment (11.0.11+9) (build 11.0.11+9-b60-7590822)
# Java VM: OpenJDK 64-Bit Server VM (11.0.11+9-b60-7590822, mixed mode, tiered, compressed oops, g1 gc, windows-amd64)
Heap:
 garbage-first heap   total 733184K, used 197194K [0x0000000080000000, 0x0000000100000000)
  region size 1024K, 3 young (3072K), 3 survivors (3072K)
 Metaspace       used 120556K, capacity 123896K, committed 124860K, reserved 1157120K
  class space    used 15354K, capacity 16642K, committed 17024K, reserved 1048576K
GC Heap History (20 events):
Event: 451.449 GC heap after
{Heap after GC invocations=28 (full 0):
 garbage-first heap   total 260096K, used 166850K [0x0000000080000000, 0x0000000100000000)
  region size 1024K, 5 young (5120K), 5 survivors (5120K)
 Metaspace       used 119442K, capacity 122726K, committed 123836K, reserved 1157120K
  class space    used 15316K, capacity 16573K, committed 17024K, reserved 1048576K
}
Event: 451.643 GC heap before
{Heap before GC invocations=28 (full 0):
 garbage-first heap   total 260096K, used 216002K [0x0000000080000000, 0x0000000100000000)
  region size 1024K, 53 young (54272K), 5 survivors (5120K)
 Metaspace       used 119452K, capacity 122735K, committed 123836K, reserved 1157120K
  class space    used 15318K, capacity 16576K, committed 17024K, reserved 1048576K
}
Event: 451.651 GC heap after
{Heap after GC invocations=29 (full 0):
 garbage-first heap   total 260096K, used 169844K [0x0000000080000000, 0x0000000100000000)
  region size 1024K, 3 young (3072K), 3 survivors (3072K)
 Metaspace       used 119452K, capacity 122735K, committed 123836K, reserved 1157120K
  class space    used 15318K, capacity 16576K, committed 17024K, reserved 1048576K
}
Event: 451.836 GC heap before
{Heap before GC invocations=29 (full 0):
 garbage-first heap   total 260096K, used 218996K [0x0000000080000000, 0x0000000100000000)
  region size 1024K, 51 young (52224K), 3 survivors (3072K)
 Metaspace       used 119616K, capacity 122900K, committed 124092K, reserved 1157120K
  class space    used 15331K, capacity 16588K, committed 17024K, reserved 1048576K
}
Event: 451.847 GC heap after
{Heap after GC invocations=30 (full 0):
 garbage-first heap   total 260096K, used 173064K [0x0000000080000000, 0x0000000100000000)
  region size 1024K, 7 young (7168K), 7 survivors (7168K)
 Metaspace       used 119616K, capacity 122900K, committed 124092K, reserved 1157120K
  class space    used 15331K, capacity 16588K, committed 17024K, reserved 1048576K
}
Event: 451.939 GC heap before
{Heap before GC invocations=31 (full 0):
 garbage-first heap   total 260096K, used 220168K [0x0000000080000000, 0x0000000100000000)
  region size 1024K, 53 young (54272K), 7 survivors (7168K)
 Metaspace       used 119751K, capacity 123065K, committed 124092K, reserved 1157120K
  class space    used 15343K, capacity 16598K, committed 17024K, reserved 1048576K
}
Event: 451.952 GC heap after
{Heap after GC invocations=32 (full 0):
 garbage-first heap   total 260096K, used 176934K [0x0000000080000000, 0x0000000100000000)
  region size 1024K, 7 young (7168K), 7 survivors (7168K)
 Metaspace       used 119751K, capacity 123065K, committed 124092K, reserved 1157120K
  class space    used 15343K, capacity 16598K, committed 17024K, reserved 1048576K
}
Event: 451.961 GC heap before
{Heap before GC invocations=32 (full 0):
 garbage-first heap   total 260096K, used 182054K [0x0000000080000000, 0x0000000100000000)
  region size 1024K, 12 young (12288K), 7 survivors (7168K)
 Metaspace       used 119753K, capacity 123065K, committed 124092K, reserved 1157120K
  class space    used 15343K, capacity 16598K, committed 17024K, reserved 1048576K
}
Event: 451.970 GC heap after
{Heap after GC invocations=33 (full 0):
 garbage-first heap   total 260096K, used 175012K [0x0000000080000000, 0x0000000100000000)
  region size 1024K, 2 young (2048K), 2 survivors (2048K)
 Metaspace       used 119753K, capacity 123065K, committed 124092K, reserved 1157120K
  class space    used 15343K, capacity 16598K, committed 17024K, reserved 1048576K
}
Event: 452.053 GC heap before
{Heap before GC invocations=33 (full 0):
 garbage-first heap   total 260096K, used 220068K [0x0000000080000000, 0x0000000100000000)
  region size 1024K, 46 young (47104K), 2 survivors (2048K)
 Metaspace       used 119840K, capacity 123156K, committed 124092K, reserved 1157120K
  class space    used 15349K, capacity 16607K, committed 17024K, reserved 1048576K
}
Event: 452.061 GC heap after
{Heap after GC invocations=34 (full 0):
 garbage-first heap   total 260096K, used 178124K [0x0000000080000000, 0x0000000100000000)
  region size 1024K, 5 young (5120K), 5 survivors (5120K)
 Metaspace       used 119840K, capacity 123156K, committed 124092K, reserved 1157120K
  class space    used 15349K, capacity 16607K, committed 17024K, reserved 1048576K
}
Event: 452.211 GC heap before
{Heap before GC invocations=34 (full 0):
 garbage-first heap   total 260096K, used 221132K [0x0000000080000000, 0x0000000100000000)
  region size 1024K, 47 young (48128K), 5 survivors (5120K)
 Metaspace       used 120005K, capacity 123299K, committed 124348K, reserved 1157120K
  class space    used 15350K, capacity 16608K, committed 17024K, reserved 1048576K
}
Event: 452.225 GC heap after
{Heap after GC invocations=35 (full 0):
 garbage-first heap   total 391168K, used 180190K [0x0000000080000000, 0x0000000100000000)
  region size 1024K, 3 young (3072K), 3 survivors (3072K)
 Metaspace       used 120005K, capacity 123299K, committed 124348K, reserved 1157120K
  class space    used 15350K, capacity 16608K, committed 17024K, reserved 1048576K
}
Event: 452.600 GC heap before
{Heap before GC invocations=36 (full 0):
 garbage-first heap   total 391168K, used 295902K [0x0000000080000000, 0x0000000100000000)
  region size 1024K, 117 young (119808K), 3 survivors (3072K)
 Metaspace       used 120340K, capacity 123649K, committed 124604K, reserved 1157120K
  class space    used 15352K, capacity 16609K, committed 17024K, reserved 1048576K
}
Event: 452.619 GC heap after
{Heap after GC invocations=37 (full 0):
 garbage-first heap   total 391168K, used 189318K [0x0000000080000000, 0x0000000100000000)
  region size 1024K, 12 young (12288K), 12 survivors (12288K)
 Metaspace       used 120340K, capacity 123649K, committed 124604K, reserved 1157120K
  class space    used 15352K, capacity 16609K, committed 17024K, reserved 1048576K
}
Event: 452.631 GC heap before
{Heap before GC invocations=37 (full 0):
 garbage-first heap   total 391168K, used 195462K [0x0000000080000000, 0x0000000100000000)
  region size 1024K, 19 young (19456K), 12 survivors (12288K)
 Metaspace       used 120350K, capacity 123650K, committed 124604K, reserved 1157120K
  class space    used 15352K, capacity 16609K, committed 17024K, reserved 1048576K
}
Event: 452.641 GC heap after
{Heap after GC invocations=38 (full 0):
 garbage-first heap   total 391168K, used 188681K [0x0000000080000000, 0x0000000100000000)
  region size 1024K, 2 young (2048K), 2 survivors (2048K)
 Metaspace       used 120350K, capacity 123650K, committed 124604K, reserved 1157120K
  class space    used 15352K, capacity 16609K, committed 17024K, reserved 1048576K
}
Event: 452.827 GC heap before
{Heap before GC invocations=38 (full 0):
 garbage-first heap   total 391168K, used 302345K [0x0000000080000000, 0x0000000100000000)
  region size 1024K, 114 young (116736K), 2 survivors (2048K)
 Metaspace       used 120434K, capacity 123726K, committed 124604K, reserved 1157120K
  class space    used 15352K, capacity 16609K, committed 17024K, reserved 1048576K
}
Event: 452.852 GC heap after
{Heap after GC invocations=39 (full 0):
 garbage-first heap   total 391168K, used 197473K [0x0000000080000000, 0x0000000100000000)
  region size 1024K, 11 young (11264K), 11 survivors (11264K)
 Metaspace       used 120434K, capacity 123726K, committed 124604K, reserved 1157120K
  class space    used 15352K, capacity 16609K, committed 17024K, reserved 1048576K
}
Event: 453.330 GC heap before
{Heap before GC invocations=40 (full 0):
 garbage-first heap   total 391168K, used 309089K [0x0000000080000000, 0x0000000100000000)
  region size 1024K, 120 young (122880K), 11 survivors (11264K)
 Metaspace       used 120556K, capacity 123896K, committed 124860K, reserved 1157120K
  class space    used 15354K, capacity 16642K, committed 17024K, reserved 1048576K
}

